2019.05.05, 07:07:29.0829 UTC -> VIEWER createOwn user
2019.05.07, 18:21:06.0042 UTC -> VIEWER createOwn user
2019.05.07, 18:21:08.0583 UTC -> VIEWER createOwn user
2019.05.07, 18:21:32.0815 UTC -> VIEWER createOwn user
2019.05.07, 18:25:14.0043 UTC -> VIEWER createOwn user
2019.05.07, 18:25:15.0601 UTC -> VIEWER createOwn user
2019.05.07, 18:25:16.0768 UTC -> VIEWER createOwn user
2019.05.07, 19:13:30.0700 UTC -> VIEWER createOwn user
2019.05.07, 19:14:01.0570 UTC -> VIEWER createOwn user
2019.05.07, 19:15:14.0481 UTC -> VIEWER createOwn user
2019.05.07, 19:15:14.0826 UTC -> VIEWER createOwn user
2019.05.07, 19:15:15.0268 UTC -> VIEWER createOwn user
2019.05.07, 19:15:22.0248 UTC -> VIEWER createOwn user
2019.05.07, 19:16:42.0875 UTC -> VIEWER createOwn user
2019.05.07, 19:18:35.0899 UTC -> VIEWER createOwn user
2019.05.07, 19:18:38.0158 UTC -> VIEWER createOwn user
2019.05.07, 19:18:45.0250 UTC -> VIEWER createOwn user
2019.05.07, 19:19:30.0494 UTC -> VIEWER createOwn user
2019.05.07, 19:19:34.0121 UTC -> VIEWER createOwn user
2019.05.07, 19:19:42.0272 UTC -> VIEWER createOwn user
2019.05.07, 19:19:56.0967 UTC -> VIEWER createOwn user
2019.05.07, 19:20:00.0833 UTC -> VIEWER createOwn user
2019.05.07, 19:21:02.0340 UTC -> VIEWER createOwn user
2019.05.07, 19:21:17.0056 UTC -> VIEWER createOwn user
2019.05.07, 19:22:17.0123 UTC -> VIEWER createOwn user
2019.05.07, 19:22:20.0312 UTC -> VIEWER createOwn user
2019.05.07, 19:22:37.0101 UTC -> VIEWER createOwn user
2019.05.07, 19:22:39.0563 UTC -> VIEWER createOwn user
2019.05.07, 19:23:12.0754 UTC -> VIEWER createOwn user
2019.05.07, 19:23:15.0332 UTC -> VIEWER createOwn user
2019.05.07, 19:23:39.0716 UTC -> VIEWER createOwn user
2019.05.07, 19:23:39.0718 UTC -> VIEWER createOwn user
2019.05.07, 19:23:39.0718 UTC -> VIEWER createOwn user
2019.05.07, 19:23:42.0072 UTC -> VIEWER createOwn user
2019.05.11, 04:35:48.0229 UTC -> VIEWER createAny movie
2019.05.11, 04:45:12.0132 UTC -> VIEWER updateOwn group
2019.05.11, 05:01:08.0964 UTC -> VIEWER deleteOwn movie
2019.05.15, 14:41:28.0377 UTC -> USER createAny movie
2019.05.17, 10:30:42.0240 UTC -> VIEWER createOwn recommend
2019.05.17, 10:31:03.0021 UTC -> VIEWER createOwn recommend
2019.05.17, 10:32:34.0716 UTC -> VIEWER createOwn recommend
2019.06.03, 07:46:14.0730 UTC -> USER Own relationship
